<?xml version="1.0" encoding="UTF-8"?>
<testsuite hostname="PFI-CO2FVO4VDF91.local" tests="5" failures="0" timestamp="1 Apr 2013 03:10:42 GMT" time="0.431" errors="0">
  <testcase name="deserialize" time="0.107" classname="AccumuloSerdeTest"/>
  <testcase name="initialize" time="0.0010" classname="AccumuloSerdeTest"/>
  <testcase name="invalidColMapping" time="0.017" classname="AccumuloSerdeTest"/>
  <testcase name="withRowID" time="0.017" classname="AccumuloSerdeTest"/>
  <testcase name="getHiveAccumuloRecord" time="0.044" classname="HiveAccumuloInputFormatTest"/>
</testsuite>
